<?xml version="1.0" encoding="UTF-8"?>
<testng-results ignored="0" total="1" passed="1" failed="0" skipped="0">
  <reporter-output>
  </reporter-output>
  <suite started-at="2022-10-30T14:02:03 EDT" name="End-2-End API automation Suite" finished-at="2022-10-30T14:02:09 EDT" duration-ms="5703">
    <groups>
    </groups>
    <test started-at="2022-10-30T14:02:03 EDT" name="End-2-End API automation Suite" finished-at="2022-10-30T14:02:09 EDT" duration-ms="5703">
      <class name="io.test.demo.RestTestPlanExecutor">
        <test-method signature="workflowExecution_xl()[pri:0, instance:io.test.demo.RestTestPlanExecutor@188715b5]" started-at="2022-10-30T14:02:03 EDT" name="workflowExecution_xl" finished-at="2022-10-30T14:02:09 EDT" duration-ms="5655" status="PASS">
          <reporter-output>
          </reporter-output>
        </test-method> <!-- workflowExecution_xl -->
      </class> <!-- io.test.demo.RestTestPlanExecutor -->
    </test> <!-- End-2-End API automation Suite -->
  </suite> <!-- End-2-End API automation Suite -->
</testng-results>
